<?xml version="1.0" encoding="UTF-8"?>
<!-- Generated by org.testng.reporters.JUnitReportReporter -->
<testsuite name="DataDriven.FlotioTest" tests="1" time="23.814" ignored="0" failures="0" timestamp="22 Jan 2017 16:14:15 GMT" skipped="0" hostname="DESKTOP-185HNI4" errors="0">
  <testcase name="flotIoTest" time="23.814" classname="DataDriven.FlotioTest"/>
</testsuite> <!-- DataDriven.FlotioTest -->
