<?xml version="1.0" encoding="UTF-8"?>
<!-- Generated by org.testng.reporters.JUnitReportReporter -->
<testsuite name="TestCases.GmailCreate" tests="1" time="8.790" ignored="2" failures="0" timestamp="25 Dec 2016 15:51:28 GMT" skipped="0" hostname="DESKTOP-185HNI4" errors="0">
  <testcase name="logInCreate" time="8.790" classname="TestCases.GmailCreate"/>
  <testcase name="logout" classname="TestCases.GmailLogIn">
    <skipped/>
  </testcase> <!-- logout -->
  <testcase name="loginCreateDone" classname="TestCases.GmailCreate">
    <skipped/>
  </testcase> <!-- loginCreateDone -->
</testsuite> <!-- TestCases.GmailCreate -->
