<?xml version="1.0" encoding="UTF-8"?>
<!-- Generated by org.testng.reporters.JUnitReportReporter -->
<testsuite name="TestCases.GmailCreate" tests="1" time="6.398" ignored="2" failures="0" timestamp="01 Jan 2017 18:21:29 GMT" skipped="0" hostname="DESKTOP-185HNI4" errors="0">
  <testcase name="logInCreate" time="6.398" classname="TestCases.GmailCreate"/>
  <testcase name="logout" classname="TestCases.GmailLogIn">
    <skipped/>
  </testcase> <!-- logout -->
  <testcase name="loginCreateDone" classname="TestCases.GmailCreate">
    <skipped/>
  </testcase> <!-- loginCreateDone -->
</testsuite> <!-- TestCases.GmailCreate -->
